<?xml version="1.0" encoding="UTF-8" ?>
<testsuite tests="7" failures="7" name="entities.PlayerTest" time="0.002" errors="0" skipped="0">
  <properties>
    <property name="idea.version" value="2022.3.2"/>
    <property name="java.runtime.name" value="Java(TM) SE Runtime Environment"/>
    <property name="java.vm.version" value="19.0.2+7-44"/>
    <property name="sun.boot.library.path" value="/Library/Java/JavaVirtualMachines/jdk-19.jdk/Contents/Home/lib"/>
    <property name="maven.multiModuleProjectDirectory" value="/Users/goat/Desktop/leductha"/>
    <property name="java.vm.vendor" value="Oracle Corporation"/>
    <property name="java.vendor.url" value="https://java.oracle.com/"/>
    <property name="guice.disable.misplaced.annotation.check" value="true"/>
    <property name="path.separator" value=":"/>
    <property name="java.vm.name" value="Java HotSpot(TM) 64-Bit Server VM"/>
    <property name="user.country" value="GB"/>
    <property name="sun.java.launcher" value="SUN_STANDARD"/>
    <property name="java.vm.specification.name" value="Java Virtual Machine Specification"/>
    <property name="user.dir" value="/Users/goat/Desktop/leductha"/>
    <property name="java.vm.compressedOopsMode" value="Zero based"/>
    <property name="java.runtime.version" value="19.0.2+7-44"/>
    <property name="os.arch" value="aarch64"/>
    <property name="java.io.tmpdir" value="/var/folders/3g/7vd5kn7d3899kmcsq31ddv2h0000gn/T/"/>
    <property name="line.separator" value="
"/>
    <property name="java.vm.specification.vendor" value="Oracle Corporation"/>
    <property name="stderr.encoding" value="UTF-8"/>
    <property name="os.name" value="Mac OS X"/>
    <property name="maven.ext.class.path" value="/Applications/IntelliJ IDEA.app/Contents/plugins/maven/lib/maven-event-listener.jar"/>
    <property name="classworlds.conf" value="/Applications/IntelliJ IDEA.app/Contents/plugins/maven/lib/maven3/bin/m2.conf"/>
    <property name="sun.jnu.encoding" value="UTF-8"/>
    <property name="stdout.encoding" value="UTF-8"/>
    <property name="java.library.path" value="/Users/goat/Library/Java/Extensions:/Library/Java/Extensions:/Network/Library/Java/Extensions:/System/Library/Java/Extensions:/usr/lib/java:."/>
    <property name="jansi.passthrough" value="true"/>
    <property name="maven.conf" value="/Applications/IntelliJ IDEA.app/Contents/plugins/maven/lib/maven3/conf"/>
    <property name="jdk.debug" value="release"/>
    <property name="java.class.version" value="63.0"/>
    <property name="java.specification.name" value="Java Platform API Specification"/>
    <property name="sun.management.compiler" value="HotSpot 64-Bit Tiered Compilers"/>
    <property name="os.version" value="13.0"/>
    <property name="http.nonProxyHosts" value="local|*.local|169.254/16|*.169.254/16"/>
    <property name="user.home" value="/Users/goat"/>
    <property name="user.timezone" value="Europe/Prague"/>
    <property name="file.encoding" value="UTF-8"/>
    <property name="java.specification.version" value="19"/>
    <property name="user.name" value="goat"/>
    <property name="java.class.path" value="/Applications/IntelliJ IDEA.app/Contents/plugins/maven/lib/maven3/boot/plexus-classworlds.license:/Applications/IntelliJ IDEA.app/Contents/plugins/maven/lib/maven3/boot/plexus-classworlds-2.6.0.jar"/>
    <property name="java.vm.specification.version" value="19"/>
    <property name="sun.arch.data.model" value="64"/>
    <property name="sun.java.command" value="org.codehaus.classworlds.Launcher -Didea.version=2022.3.2 clean install"/>
    <property name="java.home" value="/Library/Java/JavaVirtualMachines/jdk-19.jdk/Contents/Home"/>
    <property name="apple.awt.application.name" value="Launcher"/>
    <property name="user.language" value="en"/>
    <property name="java.specification.vendor" value="Oracle Corporation"/>
    <property name="java.vm.info" value="mixed mode, sharing"/>
    <property name="java.version" value="19.0.2"/>
    <property name="native.encoding" value="UTF-8"/>
    <property name="java.vendor" value="Oracle Corporation"/>
    <property name="sun.stderr.encoding" value="UTF-8"/>
    <property name="maven.home" value="/Applications/IntelliJ IDEA.app/Contents/plugins/maven/lib/maven3"/>
    <property name="file.separator" value="/"/>
    <property name="java.version.date" value="2023-01-17"/>
    <property name="java.vendor.url.bug" value="https://bugreport.java.com/bugreport/"/>
    <property name="sun.io.unicode.encoding" value="UnicodeBig"/>
    <property name="sun.cpu.endian" value="little"/>
    <property name="sun.stdout.encoding" value="UTF-8"/>
    <property name="socksNonProxyHosts" value="local|*.local|169.254/16|*.169.254/16"/>
    <property name="ftp.nonProxyHosts" value="local|*.local|169.254/16|*.169.254/16"/>
  </properties>
  <testcase classname="entities.PlayerTest" name="entities.PlayerTest.testPlayerInitialization" time="0.001">
    <failure message="Cannot invoke &quot;entities.Player.getXPosition()&quot; because &quot;this.player&quot; is null" type="java.lang.NullPointerException">java.lang.NullPointerException: Cannot invoke &quot;entities.Player.getXPosition()&quot; because &quot;this.player&quot; is null
	at entities.PlayerTest.testPlayerInitialization(PlayerTest.java:62)
</failure>
  </testcase>
  <testcase classname="entities.PlayerTest" name="entities.PlayerTest.testDiamondCollection" time="0.001">
    <failure message="Cannot invoke &quot;entities.Player.getHitBox()&quot; because &quot;this.player&quot; is null" type="java.lang.NullPointerException">java.lang.NullPointerException: Cannot invoke &quot;entities.Player.getHitBox()&quot; because &quot;this.player&quot; is null
	at entities.PlayerTest.movePlayer(PlayerTest.java:35)
	at entities.PlayerTest.testDiamondCollection(PlayerTest.java:73)
</failure>
  </testcase>
  <testcase classname="entities.PlayerTest" name="entities.PlayerTest.testHeartCollection" time="0">
    <failure message="Cannot invoke &quot;entities.Player.getHitBox()&quot; because &quot;this.player&quot; is null" type="java.lang.NullPointerException">java.lang.NullPointerException: Cannot invoke &quot;entities.Player.getHitBox()&quot; because &quot;this.player&quot; is null
	at entities.PlayerTest.movePlayer(PlayerTest.java:35)
	at entities.PlayerTest.testHeartCollection(PlayerTest.java:83)
</failure>
  </testcase>
  <testcase classname="entities.PlayerTest" name="entities.PlayerTest.testPlayerMovementRight" time="0">
    <failure message="Cannot invoke &quot;entities.Player.getXPosition()&quot; because &quot;this.player&quot; is null" type="java.lang.NullPointerException">java.lang.NullPointerException: Cannot invoke &quot;entities.Player.getXPosition()&quot; because &quot;this.player&quot; is null
	at entities.PlayerTest.testPlayerMovementRight(PlayerTest.java:91)
</failure>
  </testcase>
  <testcase classname="entities.PlayerTest" name="entities.PlayerTest.testPlayerMovementLeft" time="0">
    <failure message="Cannot invoke &quot;entities.Player.getXPosition()&quot; because &quot;this.player&quot; is null" type="java.lang.NullPointerException">java.lang.NullPointerException: Cannot invoke &quot;entities.Player.getXPosition()&quot; because &quot;this.player&quot; is null
	at entities.PlayerTest.testPlayerMovementLeft(PlayerTest.java:101)
</failure>
  </testcase>
  <testcase classname="entities.PlayerTest" name="entities.PlayerTest.testPlayerJumping" time="0">
    <failure message="Cannot invoke &quot;entities.Player.getYPosition()&quot; because &quot;this.player&quot; is null" type="java.lang.NullPointerException">java.lang.NullPointerException: Cannot invoke &quot;entities.Player.getYPosition()&quot; because &quot;this.player&quot; is null
	at entities.PlayerTest.testPlayerJumping(PlayerTest.java:111)
</failure>
  </testcase>
  <testcase classname="entities.PlayerTest" name="entities.PlayerTest.testPlayerFallToPit" time="0">
    <failure message="Cannot invoke &quot;entities.Player.getHitbox()&quot; because &quot;this.player&quot; is null" type="java.lang.NullPointerException">java.lang.NullPointerException: Cannot invoke &quot;entities.Player.getHitbox()&quot; because &quot;this.player&quot; is null
	at entities.PlayerTest.testPlayerFallToPit(PlayerTest.java:123)
</failure>
  </testcase>
</testsuite>